<?xml version="1.0" encoding="UTF-8"?>
<!-- Generated by org.testng.reporters.JUnitReportReporter -->
<testsuite hostname="DESKTOP-41IN1KU" failures="0" tests="1" name="edurekaclass.NewTest" time="36.514" errors="0" timestamp="8 Sep 2019 16:02:26 GMT">
  <testcase classname="edurekaclass.NewTest" name="addressbook" time="36.514"/>
</testsuite> <!-- edurekaclass.NewTest -->
